1599736980621	mozrunner::runner	INFO	Running command: "C:\\Program Files\\Mozilla Firefox\\firefox.exe" "-marionette" "-foreground" "-no-remote" "-profile" "C:\\Users\\50701\\AppData\\Local\\Temp\\rust_mozprofiletgoyXO"
JavaScript error: resource://gre/modules/XULStore.jsm, line 66: Error: Can't find profile directory.
console.error: SearchCache: "_readCacheFile: Error reading cache file:" (new Error("", "(unknown module)"))
1599736983199	Marionette	INFO	Listening on port 63216
1599736983252	Marionette	WARN	TLS certificate errors will be ignored for this session
1599736987054	Marionette	INFO	Stopped listening on port 63216

###!!! [Child][RunMessage] Error: Channel closing: too late to send/recv, messages will be lost


###!!! [Child][MessageChannel::SendAndWait] Error: Channel error: cannot send/recv

1599737194700	mozrunner::runner	INFO	Running command: "C:\\Program Files\\Mozilla Firefox\\firefox.exe" "-marionette" "-foreground" "-no-remote" "-profile" "C:\\Users\\50701\\AppData\\Local\\Temp\\rust_mozprofile3OGBDb"
JavaScript error: resource://gre/modules/XULStore.jsm, line 66: Error: Can't find profile directory.
console.error: SearchCache: "_readCacheFile: Error reading cache file:" (new Error("", "(unknown module)"))
1599737197158	Marionette	INFO	Listening on port 63317
1599737197316	Marionette	WARN	TLS certificate errors will be ignored for this session
JavaScript warning: http://39.96.181.61/qftest-ds/public/script/jquery.js, line 2: Using //@ to indicate sourceMappingURL pragmas is deprecated. Use //# instead
JavaScript warning: http://39.96.181.61/qftest-ds/public/script/jquery.js, line 2: Using //@ to indicate sourceMappingURL pragmas is deprecated. Use //# instead
1599737236354	Marionette	INFO	Stopped listening on port 63317

###!!! [Child][RunMessage] Error: Channel closing: too late to send/recv, messages will be lost


###!!! [Child][MessageChannel::SendAndWait] Error: Channel error: cannot send/recv

1599737288213	mozrunner::runner	INFO	Running command: "C:\\Program Files\\Mozilla Firefox\\firefox.exe" "-marionette" "-foreground" "-no-remote" "-profile" "C:\\Users\\50701\\AppData\\Local\\Temp\\rust_mozprofile5aCqrl"
JavaScript error: resource://gre/modules/XULStore.jsm, line 66: Error: Can't find profile directory.
console.error: SearchCache: "_readCacheFile: Error reading cache file:" (new Error("", "(unknown module)"))
1599737290771	Marionette	INFO	Listening on port 63406
1599737290824	Marionette	WARN	TLS certificate errors will be ignored for this session
JavaScript warning: http://39.96.181.61/qftest-ds/public/script/jquery.js, line 2: Using //@ to indicate sourceMappingURL pragmas is deprecated. Use //# instead
JavaScript warning: http://39.96.181.61/qftest-ds/public/script/jquery.js, line 2: Using //@ to indicate sourceMappingURL pragmas is deprecated. Use //# instead
JavaScript warning: http://39.96.181.61/qftest-ds/public/script/jquery.js, line 2: Using //@ to indicate sourceMappingURL pragmas is deprecated. Use //# instead
JavaScript warning: http://39.96.181.61/qftest-ds/public/script/jquery.js, line 2: Using //@ to indicate sourceMappingURL pragmas is deprecated. Use //# instead
1599737330963	Marionette	INFO	Stopped listening on port 63406

###!!! [Child][RunMessage] Error: Channel closing: too late to send/recv, messages will be lost


###!!! [Child][MessageChannel::SendAndWait] Error: Channel error: cannot send/recv

1599738767386	mozrunner::runner	INFO	Running command: "C:\\Program Files\\Mozilla Firefox\\firefox.exe" "-marionette" "-foreground" "-no-remote" "-profile" "C:\\Users\\50701\\AppData\\Local\\Temp\\rust_mozprofileijqePD"
JavaScript error: resource://gre/modules/XULStore.jsm, line 66: Error: Can't find profile directory.
console.error: SearchCache: "_readCacheFile: Error reading cache file:" (new Error("", "(unknown module)"))
1599738769942	Marionette	INFO	Listening on port 63970
1599738770001	Marionette	WARN	TLS certificate errors will be ignored for this session
1599740136997	Marionette	INFO	Stopped listening on port 63970

###!!! [Child][RunMessage] Error: Channel closing: too late to send/recv, messages will be lost


###!!! [Child][MessageChannel::SendAndWait] Error: Channel error: cannot send/recv

/modules/XULStore.jsm, line 66: Error: Can't find profile directory.
console.error: SearchCache: "_readCacheFile: Error reading cache file:" (new Error("", "(unknown module)"))
1599738812220	Marionette	INFO	Listening on port 64064
1599738812687	Marionette	WARN	TLS certificate errors will be ignored for this session
console.error: Region.jsm: "Error fetching region" (new AbortError("The operation was aborted. ", (void 0), 689))
console.error: Region.jsm: "Failed to fetch region" (new Error("NO_RESULT", "resource://gre/modules/Region.jsm", 343))
1599738871920	Marionette	INFO	Stopped listening on port 64064

###!!! [Child][RunMessage] Error: Channel closing: too late to send/recv, messages will be lost


###!!! [Child][MessageChannel::SendAndWait] Error: Channel error: cannot send/recv

1599738909204	mozrunner::runner	INFO	Running command: "C:\\Program Files\\Mozilla Firefox\\firefox.exe" "-marionette" "-foreground" "-no-remote" "-profile" "C:\\Users\\50701\\AppData\\Local\\Temp\\rust_mozprofileNis36r"
JavaScript error: resource://gre/modules/XULStore.jsm, line 66: Error: Can't find profile directory.
console.error: SearchCache: "_readCacheFile: Error reading cache file:" (new Error("", "(unknown module)"))
1599738911665	Marionette	INFO	Listening on port 64178
1599738911823	Marionette	WARN	TLS certificate errors will be ignored for this session
1599738934519	Marionette	INFO	Stopped listening on port 64178

###!!! [Child][RunMessage] Error: Channel closing: too late to send/recv, messages will be lost


###!!! [Child][MessageChannel::SendAndWait] Error: Channel error: cannot send/recv

1599740968592	mozrunner::runner	INFO	Running command: "C:\\Program Files\\Mozilla Firefox\\firefox.exe" "-marionette" "-foreground" "-no-remote" "-profile" "C:\\Users\\50701\\AppData\\Local\\Temp\\rust_mozprofileWNwVGW"
JavaScript error: resource://gre/modules/XULStore.jsm, line 66: Error: Can't find profile directory.
console.error: SearchCache: "_readCacheFile: Error reading cache file:" (new Error("", "(unknown module)"))
1599740971113	Marionette	INFO	Listening on port 64956
1599740971210	Marionette	WARN	TLS certificate errors will be ignored for this session
JavaScript warning: http://39.96.181.61/qftest-ds/public/script/jquery.js, line 2: Using //@ to indicate sourceMappingURL pragmas is deprecated. Use //# instead
JavaScript warning: http://39.96.181.61/qftest-ds/public/script/jquery.js, line 2: Using //@ to indicate sourceMappingURL pragmas is deprecated. Use //# instead
JavaScript warning: http://39.96.181.61/qftest-ds/public/script/jquery.js, line 2: Using //@ to indicate sourceMappingURL pragmas is deprecated. Use //# instead
JavaScript warning: http://39.96.181.61/qftest-ds/public/script/jquery.js, line 2: Using //@ to indicate sourceMappingURL pragmas is deprecated. Use //# instead

###!!! [Child][RunMessage] Error: Channel closing: too late to send/recv, messages will be lost

1599743117320	Marionette	INFO	Stopped listening on port 64956

###!!! [Child][RunMessage] Error: Channel closing: too late to send/recv, messages will be lost


###!!! [Child][MessageChannel::SendAndWait] Error: Channel error: cannot send/recv

eadCacheFile: Error reading cache file:" (new Error("", "(unknown module)"))
1599743003216	Marionette	INFO	Listening on port 49452
1599743003623	Marionette	WARN	TLS certificate errors will be ignored for this session
JavaScript warning: http://39.96.181.61/qftest-ds/public/script/jquery.js, line 2: Using //@ to indicate sourceMappingURL pragmas is deprecated. Use //# instead
JavaScript warning: http://39.96.181.61/qftest-ds/public/script/jquery.js, line 2: Using //@ to indicate sourceMappingURL pragmas is deprecated. Use //# instead
console.error: Region.jsm: "Error fetching region" (new AbortError("The operation was aborted. ", (void 0), 689))
console.error: Region.jsm: "Failed to fetch region" (new Error("NO_RESULT", "resource://gre/modules/Region.jsm", 343))
JavaScript warning: http://39.96.181.61/qftest-ds/public/script/jquery.js, line 2: Using //@ to indicate sourceMappingURL pragmas is deprecated. Use //# instead
JavaScript warning: http://39.96.181.61/qftest-ds/public/script/jquery.js, line 2: Using //@ to indicate sourceMappingURL pragmas is deprecated. Use //# instead
1599745225408	Marionette	INFO	Stopped listening on port 49452

###!!! [Child][RunMessage] Error: Channel closing: too late to send/recv, messages will be lost


###!!! [Child][MessageChannel::SendAndWait] Error: Channel error: cannot send/recv

/modules/XULStore.jsm, line 66: Error: Can't find profile directory.
console.error: SearchCache: "_readCacheFile: Error reading cache file:" (new Error("", "(unknown module)"))
1599743325477	Marionette	INFO	Listening on port 49650
1599743325496	Marionette	WARN	TLS certificate errors will be ignored for this session
JavaScript warning: http://39.96.181.61/qftest-ds/public/script/jquery.js, line 2: Using //@ to indicate sourceMappingURL pragmas is deprecated. Use //# instead
JavaScript warning: http://39.96.181.61/qftest-ds/public/script/jquery.js, line 2: Using //@ to indicate sourceMappingURL pragmas is deprecated. Use //# instead
JavaScript warning: http://39.96.181.61/qftest-ds/public/script/jquery.js, line 2: Using //@ to indicate sourceMappingURL pragmas is deprecated. Use //# instead
JavaScript warning: http://39.96.181.61/qftest-ds/public/script/jquery.js, line 2: Using //@ to indicate sourceMappingURL pragmas is deprecated. Use //# instead
1599743414192	Marionette	INFO	Stopped listening on port 49650

###!!! [Child][RunMessage] Error: Channel closing: too late to send/recv, messages will be lost


###!!! [Child][MessageChannel::SendAndWait] Error: Channel error: cannot send/recv

1599743440612	mozrunner::runner	INFO	Running command: "C:\\Program Files\\Mozilla Firefox\\firefox.exe" "-marionette" "-foreground" "-no-remote" "-profile" "C:\\Users\\50701\\AppData\\Local\\Temp\\rust_mozprofilejgFle5"
JavaScript error: resource://gre/modules/XULStore.jsm, line 66: Error: Can't find profile directory.
console.error: SearchCache: "_readCacheFile: Error reading cache file:" (new Error("", "(unknown module)"))
1599743443119	Marionette	INFO	Listening on port 49758
1599743443233	Marionette	WARN	TLS certificate errors will be ignored for this session
JavaScript warning: http://39.96.181.61/qftest-ds/public/script/jquery.js, line 2: Using //@ to indicate sourceMappingURL pragmas is deprecated. Use //# instead
JavaScript warning: http://39.96.181.61/qftest-ds/public/script/jquery.js, line 2: Using //@ to indicate sourceMappingURL pragmas is deprecated. Use //# instead
JavaScript warning: http://39.96.181.61/qftest-ds/public/script/jquery.js, line 2: Using //@ to indicate sourceMappingURL pragmas is deprecated. Use //# instead
JavaScript warning: http://39.96.181.61/qftest-ds/public/script/jquery.js, line 2: Using //@ to indicate sourceMappingURL pragmas is deprecated. Use //# instead
1599743527350	Marionette	INFO	Stopped listening on port 49758

###!!! [Child][RunMessage] Error: Channel closing: too late to send/recv, messages will be lost


###!!! [Child][MessageChannel::SendAndWait] Error: Channel error: cannot send/recv

1599743695388	mozrunner::runner	INFO	Running command: "C:\\Program Files\\Mozilla Firefox\\firefox.exe" "-marionette" "-foreground" "-no-remote" "-profile" "C:\\Users\\50701\\AppData\\Local\\Temp\\rust_mozprofilenu4qVD"
JavaScript error: resource://gre/modules/XULStore.jsm, line 66: Error: Can't find profile directory.
console.error: SearchCache: "_readCacheFile: Error reading cache file:" (new Error("", "(unknown module)"))
1599743698040	Marionette	INFO	Listening on port 49911
1599743698502	Marionette	WARN	TLS certificate errors will be ignored for this session
JavaScript warning: http://39.96.181.61/qftest-ds/public/script/jquery.js, line 2: Using //@ to indicate sourceMappingURL pragmas is deprecated. Use //# instead
JavaScript warning: http://39.96.181.61/qftest-ds/public/script/jquery.js, line 2: Using //@ to indicate sourceMappingURL pragmas is deprecated. Use //# instead
JavaScript warning: http://39.96.181.61/qftest-ds/public/script/jquery.js, line 2: Using //@ to indicate sourceMappingURL pragmas is deprecated. Use //# instead
JavaScript warning: http://39.96.181.61/qftest-ds/public/script/jquery.js, line 2: Using //@ to indicate sourceMappingURL pragmas is deprecated. Use //# instead
1599743972833	Marionette	INFO	Stopped listening on port 49911

###!!! [Child][RunMessage] Error: Channel closing: too late to send/recv, messages will be lost


###!!! [Child][MessageChannel::SendAndWait] Error: Channel error: cannot send/recv

/modules/XULStore.jsm, line 66: Error: Can't find profile directory.
console.error: SearchCache: "_readCacheFile: Error reading cache file:" (new Error("", "(unknown module)"))
1599743888700	Marionette	INFO	Listening on port 50016
1599743889036	Marionette	WARN	TLS certificate errors will be ignored for this session
JavaScript warning: http://39.96.181.61/qftest-ds/public/script/jquery.js, line 2: Using //@ to indicate sourceMappingURL pragmas is deprecated. Use //# instead
JavaScript warning: http://39.96.181.61/qftest-ds/public/script/jquery.js, line 2: Using //@ to indicate sourceMappingURL pragmas is deprecated. Use //# instead
JavaScript warning: http://39.96.181.61/qftest-ds/public/script/jquery.js, line 2: Using //@ to indicate sourceMappingURL pragmas is deprecated. Use //# instead
JavaScript warning: http://39.96.181.61/qftest-ds/public/script/jquery.js, line 2: Using //@ to indicate sourceMappingURL pragmas is deprecated. Use //# instead
1599743967158	Marionette	INFO	Stopped listening on port 50016

###!!! [Child][RunMessage] Error: Channel closing: too late to send/recv, messages will be lost


###!!! [Child][MessageChannel::SendAndWait] Error: Channel error: cannot send/recv

1599744070507	mozrunner::runner	INFO	Running command: "C:\\Program Files\\Mozilla Firefox\\firefox.exe" "-marionette" "-foreground" "-no-remote" "-profile" "C:\\Users\\50701\\AppData\\Local\\Temp\\rust_mozprofile0tCVHG"
JavaScript error: resource://gre/modules/XULStore.jsm, line 66: Error: Can't find profile directory.
console.error: SearchCache: "_readCacheFile: Error reading cache file:" (new Error("", "(unknown module)"))
1599744073097	Marionette	INFO	Listening on port 50147
1599744073118	Marionette	WARN	TLS certificate errors will be ignored for this session
JavaScript warning: http://39.96.181.61/qftest-ds/public/script/jquery.js, line 2: Using //@ to indicate sourceMappingURL pragmas is deprecated. Use //# instead
JavaScript warning: http://39.96.181.61/qftest-ds/public/script/jquery.js, line 2: Using //@ to indicate sourceMappingURL pragmas is deprecated. Use //# instead
JavaScript warning: http://39.96.181.61/qftest-ds/public/script/jquery.js, line 2: Using //@ to indicate sourceMappingURL pragmas is deprecated. Use //# instead
JavaScript warning: http://39.96.181.61/qftest-ds/public/script/jquery.js, line 2: Using //@ to indicate sourceMappingURL pragmas is deprecated. Use //# instead
1599744285036	Marionette	INFO	Stopped listening on port 50147

###!!! [Child][MessageChannel::SendAndWait] Error: Channel error: cannot send/recv

ile" "C:\\Users\\50701\\AppData\\Local\\Temp\\rust_mozprofileg93MFB"
JavaScript error: resource://gre/modules/XULStore.jsm, line 66: Error: Can't find profile directory.
console.error: SearchCache: "_readCacheFile: Error reading cache file:" (new Error("", "(unknown module)"))
1599744194854	Marionette	INFO	Listening on port 50227
1599744195125	Marionette	WARN	TLS certificate errors will be ignored for this session
JavaScript warning: http://39.96.181.61/qftest-ds/public/script/jquery.js, line 2: Using //@ to indicate sourceMappingURL pragmas is deprecated. Use //# instead
JavaScript warning: http://39.96.181.61/qftest-ds/public/script/jquery.js, line 2: Using //@ to indicate sourceMappingURL pragmas is deprecated. Use //# instead
JavaScript warning: http://39.96.181.61/qftest-ds/public/script/jquery.js, line 2: Using //@ to indicate sourceMappingURL pragmas is deprecated. Use //# instead
JavaScript warning: http://39.96.181.61/qftest-ds/public/script/jquery.js, line 2: Using //@ to indicate sourceMappingURL pragmas is deprecated. Use //# instead
1599744281387	Marionette	INFO	Stopped listening on port 50227

###!!! [Child][RunMessage] Error: Channel closing: too late to send/recv, messages will be lost


###!!! [Child][MessageChannel::SendAndWait] Error: Channel error: cannot send/recv

1599744561237	mozrunner::runner	INFO	Running command: "C:\\Program Files\\Mozilla Firefox\\firefox.exe" "-marionette" "-foreground" "-no-remote" "-profile" "C:\\Users\\50701\\AppData\\Local\\Temp\\rust_mozprofilebHIY4F"
JavaScript error: resource://gre/modules/XULStore.jsm, line 66: Error: Can't find profile directory.
console.error: SearchCache: "_readCacheFile: Error reading cache file:" (new Error("", "(unknown module)"))
1599744563792	Marionette	INFO	Listening on port 50447
1599744563864	Marionette	WARN	TLS certificate errors will be ignored for this session
JavaScript warning: http://39.96.181.61/qftest-ds/public/script/jquery.js, line 2: Using //@ to indicate sourceMappingURL pragmas is deprecated. Use //# instead
JavaScript warning: http://39.96.181.61/qftest-ds/public/script/jquery.js, line 2: Using //@ to indicate sourceMappingURL pragmas is deprecated. Use //# instead
console.error: Region.jsm: "Error fetching region" (new AbortError("The operation was aborted. ", (void 0), 689))
console.error: Region.jsm: "Failed to fetch region" (new Error("NO_RESULT", "resource://gre/modules/Region.jsm", 343))
JavaScript warning: http://39.96.181.61/qftest-ds/public/script/jquery.js, line 2: Using //@ to indicate sourceMappingURL pragmas is deprecated. Use //# instead
JavaScript warning: http://39.96.181.61/qftest-ds/public/script/jquery.js, line 2: Using //@ to indicate sourceMappingURL pragmas is deprecated. Use //# instead
1599745179128	Marionette	INFO	Stopped listening on port 50447

###!!! [Child][RunMessage] Error: Channel closing: too late to send/recv, messages will be lost


###!!! [Child][MessageChannel::SendAndWait] Error: Channel error: cannot send/recv

/modules/XULStore.jsm, line 66: Error: Can't find profile directory.
console.error: SearchCache: "_readCacheFile: Error reading cache file:" (new Error("", "(unknown module)"))
1599745020011	Marionette	INFO	Listening on port 50682
1599745020097	Marionette	WARN	TLS certificate errors will be ignored for this session
JavaScript warning: http://39.96.181.61/qftest-ds/public/script/jquery.js, line 2: Using //@ to indicate sourceMappingURL pragmas is deprecated. Use //# instead
JavaScript warning: http://39.96.181.61/qftest-ds/public/script/jquery.js, line 2: Using //@ to indicate sourceMappingURL pragmas is deprecated. Use //# instead
JavaScript warning: http://39.96.181.61/qftest-ds/public/script/jquery.js, line 2: Using //@ to indicate sourceMappingURL pragmas is deprecated. Use //# instead
JavaScript warning: http://39.96.181.61/qftest-ds/public/script/jquery.js, line 2: Using //@ to indicate sourceMappingURL pragmas is deprecated. Use //# instead
1599745222126	Marionette	INFO	Stopped listening on port 50682

###!!! [Child][RunMessage] Error: Channel closing: too late to send/recv, messages will be lost


###!!! [Child][MessageChannel::SendAndWait] Error: Channel error: cannot send/recv

/modules/XULStore.jsm, line 66: Error: Can't find profile directory.
console.error: SearchCache: "_readCacheFile: Error reading cache file:" (new Error("", "(unknown module)"))
1599745086600	Marionette	INFO	Listening on port 50806
1599745087062	Marionette	WARN	TLS certificate errors will be ignored for this session
JavaScript warning: http://39.96.181.61/qftest-ds/public/script/jquery.js, line 2: Using //@ to indicate sourceMappingURL pragmas is deprecated. Use //# instead
JavaScript warning: http://39.96.181.61/qftest-ds/public/script/jquery.js, line 2: Using //@ to indicate sourceMappingURL pragmas is deprecated. Use //# instead
JavaScript warning: http://39.96.181.61/qftest-ds/public/script/jquery.js, line 2: Using //@ to indicate sourceMappingURL pragmas is deprecated. Use //# instead
JavaScript warning: http://39.96.181.61/qftest-ds/public/script/jquery.js, line 2: Using //@ to indicate sourceMappingURL pragmas is deprecated. Use //# instead
1599745127768	Marionette	WARN	TimedPromise timed out after 0 ms: stacktrace:
TimedPromise/<@chrome://marionette/content/sync.js:245:13
TimedPromise@chrome://marionette/content/sync.js:230:10
Sleep@chrome://marionette/content/sync.js:283:10
dispatchPause@chrome://marionette/content/action.js:1482:10
toEvents/<@chrome://marionette/content/action.js:1156:16
action.dispatchTickActions@chrome://marionette/content/action.js:1060:35
action.dispatch/chainEvents<@chrome://marionette/content/action.js:1028:20
action.dispatch@chrome://marionette/content/action.js:1034:5
performActions@chrome://marionette/content/listener.js:856:16
dispatch/</req<@chrome://marionette/content/listener.js:529:14
dispatch/<@chrome://marionette/content/listener.js:522:15
1599745129138	Marionette	INFO	Stopped listening on port 50806

###!!! [Child][RunMessage] Error: Channel closing: too late to send/recv, messages will be lost


###!!! [Child][MessageChannel::SendAndWait] Error: Channel error: cannot send/recv

